[ 2015-10-14T16:57:10+08:00 ] 127.0.0.1 /index.php/User/index/index.html
INFO: [ app_init ] --START--
INFO: Run Behavior\BuildLiteBehavior [ RunTime:0.000096s ]
INFO: [ app_init ] --END-- [ RunTime:0.001304s ]
INFO: [ app_begin ] --START--
INFO: Run Behavior\ReadHtmlCacheBehavior [ RunTime:0.001860s ]
INFO: [ app_begin ] --END-- [ RunTime:0.002344s ]
INFO: [ view_parse ] --START--
INFO: [ template_filter ] --START--
INFO: Run Behavior\ContentReplaceBehavior [ RunTime:0.000213s ]
INFO: [ template_filter ] --END-- [ RunTime:0.000698s ]
INFO: Run Behavior\ParseTemplateBehavior [ RunTime:0.039954s ]
INFO: [ view_parse ] --END-- [ RunTime:0.040397s ]
INFO: [ view_filter ] --START--
INFO: Run Behavior\WriteHtmlCacheBehavior [ RunTime:0.001358s ]
INFO: [ view_filter ] --END-- [ RunTime:0.001731s ]
SQL: SHOW COLUMNS FROM `grouptoquestion` [ RunTime:0.0277s ]
SQL: SELECT COUNT(grouptoquestion.question_ans) AS tp_count FROM `grouptoquestion` INNER JOIN questions on questions.question_id=grouptoquestion.question_id  WHERE ( group_id=1 and questions.choice_num>0 ) LIMIT 1   [ RunTime:0.0600s ]
SQL: SHOW COLUMNS FROM `questions` [ RunTime:0.0091s ]
SQL: SELECT COUNT(question_id) AS tp_count FROM `questions` WHERE ( choice_num>0 ) LIMIT 1   [ RunTime:0.0007s ]
SQL: SELECT COUNT(question_id) AS tp_count FROM `questions` LIMIT 1   [ RunTime:0.0006s ]
SQL: SELECT COUNT(question_id) AS tp_count FROM `grouptoquestion` LIMIT 1   [ RunTime:0.0008s ]
SQL: SHOW COLUMNS FROM `settings` [ RunTime:0.0178s ]
SQL: SELECT `value` FROM `settings` WHERE `key` = 'QuestionDeadline' LIMIT 1   [ RunTime:0.0075s ]
SQL: SHOW COLUMNS FROM `news` [ RunTime:0.0568s ]
SQL: SELECT `news_content` FROM `news` WHERE `news_id` = 1 LIMIT 1   [ RunTime:0.0007s ]
SQL: SHOW COLUMNS FROM `stock` [ RunTime:0.0224s ]
SQL: SELECT * FROM `stock`  [ RunTime:0.0007s ]
SQL: SHOW COLUMNS FROM `stock_trend` [ RunTime:0.0188s ]
SQL: SELECT * FROM `stock_trend` WHERE ( stock_id=3 and time <=1444813030 ) ORDER BY time  [ RunTime:0.0009s ]
SQL: SELECT MAX(time) AS tp_max FROM `stock_trend` WHERE ( stock_id=3 and time <=1444813030 ) LIMIT 1   [ RunTime:0.0006s ]
SQL: SELECT * FROM `stock_trend` WHERE `stock_id` = 3 AND `time` = 1444701600 LIMIT 1   [ RunTime:0.0006s ]
SQL: SELECT MAX(time) AS tp_max FROM `stock_trend` WHERE ( stock_id=3 and time<1444701600 ) LIMIT 1   [ RunTime:0.0006s ]
SQL: SELECT * FROM `stock_trend` WHERE `stock_id` = 3 AND `time` = 1444647600 LIMIT 1   [ RunTime:0.0006s ]
SQL: SELECT * FROM `stock_trend` WHERE ( stock_id=4 and time <=1444813030 ) ORDER BY time  [ RunTime:0.0007s ]
SQL: SELECT MAX(time) AS tp_max FROM `stock_trend` WHERE ( stock_id=4 and time <=1444813030 ) LIMIT 1   [ RunTime:0.0007s ]
SQL: SELECT * FROM `stock_trend` WHERE `stock_id` = 4 AND `time` = 1444276800 LIMIT 1   [ RunTime:0.0007s ]
SQL: SELECT MAX(time) AS tp_max FROM `stock_trend` WHERE ( stock_id=4 and time<1444276800 ) LIMIT 1   [ RunTime:0.0006s ]
SQL: SELECT * FROM `stock_trend` WHERE `stock_id` = 4 AND `time` = 1444269600 LIMIT 1   [ RunTime:0.0006s ]
SQL: SELECT * FROM `stock_trend` WHERE ( stock_id=5 and time <=1444813030 ) ORDER BY time  [ RunTime:0.0009s ]
SQL: SELECT MAX(time) AS tp_max FROM `stock_trend` WHERE ( stock_id=5 and time <=1444813030 ) LIMIT 1   [ RunTime:0.0007s ]
SQL: SELECT * FROM `stock_trend` WHERE `stock_id` = 5 AND `time` = 1444564800 LIMIT 1   [ RunTime:0.0007s ]
SQL: SELECT MAX(time) AS tp_max FROM `stock_trend` WHERE ( stock_id=5 and time<1444564800 ) LIMIT 1   [ RunTime:0.0006s ]
SQL: SELECT * FROM `stock_trend` WHERE `stock_id` = 5 AND `time` = 1444550400 LIMIT 1   [ RunTime:0.0007s ]
SQL: SHOW COLUMNS FROM `grouptoasset` [ RunTime:0.0160s ]
SQL: SELECT `amount` FROM `grouptoasset` WHERE `group_id` = 1 AND `asset_id` = 1 LIMIT 1   [ RunTime:0.0087s ]
SQL: SHOW COLUMNS FROM `grouptostock` [ RunTime:0.0101s ]
SQL: SELECT `stock_id`,sum(num_change) FROM `grouptostock` WHERE `group_id` = 1 GROUP BY stock_id  [ RunTime:0.0219s ]
SQL: SELECT MAX(time) AS tp_max FROM `stock_trend` WHERE ( stock_id=3 and time <=1444813030 ) LIMIT 1   [ RunTime:0.0007s ]
SQL: SELECT * FROM `stock_trend` WHERE `stock_id` = 3 AND `time` = 1444701600 LIMIT 1   [ RunTime:0.0007s ]
SQL: SELECT MAX(time) AS tp_max FROM `stock_trend` WHERE ( stock_id=4 and time <=1444813030 ) LIMIT 1   [ RunTime:0.0007s ]
SQL: SELECT * FROM `stock_trend` WHERE `stock_id` = 4 AND `time` = 1444276800 LIMIT 1   [ RunTime:0.0006s ]
SQL: SELECT MAX(time) AS tp_max FROM `stock_trend` WHERE ( stock_id=5 and time <=1444813030 ) LIMIT 1   [ RunTime:0.0006s ]
SQL: SELECT * FROM `stock_trend` WHERE `stock_id` = 5 AND `time` = 1444564800 LIMIT 1   [ RunTime:0.0007s ]
SQL: SELECT `value` FROM `settings` WHERE `key` = 'InitCapital' LIMIT 1   [ RunTime:0.0006s ]
INFO: [ view_parse ] --START--
INFO: [ template_filter ] --START--
INFO: Run Behavior\ContentReplaceBehavior [ RunTime:0.000313s ]
INFO: [ template_filter ] --END-- [ RunTime:-0.438535s ]
NOTIC: [2] Division by zero D:\Programing\Web_WorkSpace\BC\Application\Runtime\Cache\User\d7a7632f153cf12d0db44c934c28bcfe.php 第 109 行.
NOTIC: [8] Undefined variable: timeleft D:\Programing\Web_WorkSpace\BC\Application\Runtime\Cache\User\d7a7632f153cf12d0db44c934c28bcfe.php 第 198 行.
NOTIC: [8] Undefined variable: timetotal D:\Programing\Web_WorkSpace\BC\Application\Runtime\Cache\User\d7a7632f153cf12d0db44c934c28bcfe.php 第 203 行.
INFO: Run Behavior\ParseTemplateBehavior [ RunTime:0.098685s ]
INFO: [ view_parse ] --END-- [ RunTime:-0.382876s ]
INFO: [ view_filter ] --START--
INFO: Run Behavior\WriteHtmlCacheBehavior [ RunTime:0.000099s ]
INFO: [ view_filter ] --END-- [ RunTime:-0.480238s ]
NOTIC: [2] Cannot modify header information - headers already sent by (output started at D:\Programing\Web_WorkSpace\BC\Application\User\Controller\BaseController.class.php:8) D:\Programing\Web_WorkSpace\BC\ThinkPHP\Library\Think\View.class.php 第 91 行.
NOTIC: [2] Cannot modify header information - headers already sent by (output started at D:\Programing\Web_WorkSpace\BC\Application\User\Controller\BaseController.class.php:8) D:\Programing\Web_WorkSpace\BC\ThinkPHP\Library\Think\View.class.php 第 92 行.
NOTIC: [2] Cannot modify header information - headers already sent by (output started at D:\Programing\Web_WorkSpace\BC\Application\User\Controller\BaseController.class.php:8) D:\Programing\Web_WorkSpace\BC\ThinkPHP\Library\Think\View.class.php 第 93 行.
INFO: [ app_end ] --START--
INFO: Run Behavior\ShowPageTraceBehavior [ RunTime:0.002397s ]
INFO: [ app_end ] --END-- [ RunTime:0.002975s ]

[ 2015-10-14T16:57:17+08:00 ] 127.0.0.1 /index.php/User/index/index.html
INFO: [ app_init ] --START--
INFO: Run Behavior\BuildLiteBehavior [ RunTime:0.000110s ]
INFO: [ app_init ] --END-- [ RunTime:0.001661s ]
INFO: [ app_begin ] --START--
INFO: Run Behavior\ReadHtmlCacheBehavior [ RunTime:0.001685s ]
INFO: [ app_begin ] --END-- [ RunTime:0.002085s ]
INFO: [ view_parse ] --START--
INFO: [ template_filter ] --START--
INFO: Run Behavior\ContentReplaceBehavior [ RunTime:0.000349s ]
INFO: [ template_filter ] --END-- [ RunTime:0.001022s ]
INFO: Run Behavior\ParseTemplateBehavior [ RunTime:0.044061s ]
INFO: [ view_parse ] --END-- [ RunTime:0.044738s ]
INFO: [ view_filter ] --START--
INFO: Run Behavior\WriteHtmlCacheBehavior [ RunTime:0.001498s ]
INFO: [ view_filter ] --END-- [ RunTime:0.002148s ]
SQL: SHOW COLUMNS FROM `grouptoquestion` [ RunTime:0.0129s ]
SQL: SELECT COUNT(grouptoquestion.question_ans) AS tp_count FROM `grouptoquestion` INNER JOIN questions on questions.question_id=grouptoquestion.question_id  WHERE ( group_id=1 and questions.choice_num>0 ) LIMIT 1   [ RunTime:0.0013s ]
SQL: SHOW COLUMNS FROM `questions` [ RunTime:0.0113s ]
SQL: SELECT COUNT(question_id) AS tp_count FROM `questions` WHERE ( choice_num>0 ) LIMIT 1   [ RunTime:0.0008s ]
SQL: SELECT COUNT(question_id) AS tp_count FROM `questions` LIMIT 1   [ RunTime:0.0006s ]
SQL: SELECT COUNT(question_id) AS tp_count FROM `grouptoquestion` LIMIT 1   [ RunTime:0.0007s ]
SQL: SHOW COLUMNS FROM `settings` [ RunTime:0.0089s ]
SQL: SELECT `value` FROM `settings` WHERE `key` = 'QuestionDeadline' LIMIT 1   [ RunTime:0.0006s ]
SQL: SHOW COLUMNS FROM `news` [ RunTime:0.0084s ]
SQL: SELECT `news_content` FROM `news` WHERE `news_id` = 1 LIMIT 1   [ RunTime:0.0007s ]
SQL: SHOW COLUMNS FROM `stock` [ RunTime:0.0076s ]
SQL: SELECT * FROM `stock`  [ RunTime:0.0006s ]
SQL: SHOW COLUMNS FROM `stock_trend` [ RunTime:0.0106s ]
SQL: SELECT * FROM `stock_trend` WHERE ( stock_id=3 and time <=1444813036 ) ORDER BY time  [ RunTime:0.0015s ]
SQL: SELECT MAX(time) AS tp_max FROM `stock_trend` WHERE ( stock_id=3 and time <=1444813036 ) LIMIT 1   [ RunTime:0.0010s ]
SQL: SELECT * FROM `stock_trend` WHERE `stock_id` = 3 AND `time` = 1444701600 LIMIT 1   [ RunTime:0.0007s ]
SQL: SELECT MAX(time) AS tp_max FROM `stock_trend` WHERE ( stock_id=3 and time<1444701600 ) LIMIT 1   [ RunTime:0.0007s ]
SQL: SELECT * FROM `stock_trend` WHERE `stock_id` = 3 AND `time` = 1444647600 LIMIT 1   [ RunTime:0.0006s ]
SQL: SELECT * FROM `stock_trend` WHERE ( stock_id=4 and time <=1444813037 ) ORDER BY time  [ RunTime:0.0007s ]
SQL: SELECT MAX(time) AS tp_max FROM `stock_trend` WHERE ( stock_id=4 and time <=1444813037 ) LIMIT 1   [ RunTime:0.0007s ]
SQL: SELECT * FROM `stock_trend` WHERE `stock_id` = 4 AND `time` = 1444276800 LIMIT 1   [ RunTime:0.0007s ]
SQL: SELECT MAX(time) AS tp_max FROM `stock_trend` WHERE ( stock_id=4 and time<1444276800 ) LIMIT 1   [ RunTime:0.0008s ]
SQL: SELECT * FROM `stock_trend` WHERE `stock_id` = 4 AND `time` = 1444269600 LIMIT 1   [ RunTime:0.0012s ]
SQL: SELECT * FROM `stock_trend` WHERE ( stock_id=5 and time <=1444813037 ) ORDER BY time  [ RunTime:0.0012s ]
SQL: SELECT MAX(time) AS tp_max FROM `stock_trend` WHERE ( stock_id=5 and time <=1444813037 ) LIMIT 1   [ RunTime:0.0007s ]
SQL: SELECT * FROM `stock_trend` WHERE `stock_id` = 5 AND `time` = 1444564800 LIMIT 1   [ RunTime:0.0007s ]
SQL: SELECT MAX(time) AS tp_max FROM `stock_trend` WHERE ( stock_id=5 and time<1444564800 ) LIMIT 1   [ RunTime:0.0009s ]
SQL: SELECT * FROM `stock_trend` WHERE `stock_id` = 5 AND `time` = 1444550400 LIMIT 1   [ RunTime:0.0009s ]
SQL: SHOW COLUMNS FROM `grouptoasset` [ RunTime:0.0090s ]
SQL: SELECT `amount` FROM `grouptoasset` WHERE `group_id` = 1 AND `asset_id` = 1 LIMIT 1   [ RunTime:0.0007s ]
SQL: SHOW COLUMNS FROM `grouptostock` [ RunTime:0.0091s ]
SQL: SELECT `stock_id`,sum(num_change) FROM `grouptostock` WHERE `group_id` = 1 GROUP BY stock_id  [ RunTime:0.0012s ]
SQL: SELECT MAX(time) AS tp_max FROM `stock_trend` WHERE ( stock_id=3 and time <=1444813037 ) LIMIT 1   [ RunTime:0.0008s ]
SQL: SELECT * FROM `stock_trend` WHERE `stock_id` = 3 AND `time` = 1444701600 LIMIT 1   [ RunTime:0.0007s ]
SQL: SELECT MAX(time) AS tp_max FROM `stock_trend` WHERE ( stock_id=4 and time <=1444813037 ) LIMIT 1   [ RunTime:0.0008s ]
SQL: SELECT * FROM `stock_trend` WHERE `stock_id` = 4 AND `time` = 1444276800 LIMIT 1   [ RunTime:0.0007s ]
SQL: SELECT MAX(time) AS tp_max FROM `stock_trend` WHERE ( stock_id=5 and time <=1444813037 ) LIMIT 1   [ RunTime:0.0008s ]
SQL: SELECT * FROM `stock_trend` WHERE `stock_id` = 5 AND `time` = 1444564800 LIMIT 1   [ RunTime:0.0010s ]
SQL: SELECT `value` FROM `settings` WHERE `key` = 'InitCapital' LIMIT 1   [ RunTime:0.0008s ]
INFO: [ view_parse ] --START--
INFO: [ template_filter ] --START--
INFO: Run Behavior\ContentReplaceBehavior [ RunTime:0.000278s ]
INFO: [ template_filter ] --END-- [ RunTime:-0.260047s ]
NOTIC: [2] Division by zero D:\Programing\Web_WorkSpace\BC\Application\Runtime\Cache\User\d7a7632f153cf12d0db44c934c28bcfe.php 第 109 行.
NOTIC: [8] Undefined variable: timeleft D:\Programing\Web_WorkSpace\BC\Application\Runtime\Cache\User\d7a7632f153cf12d0db44c934c28bcfe.php 第 198 行.
NOTIC: [8] Undefined variable: timetotal D:\Programing\Web_WorkSpace\BC\Application\Runtime\Cache\User\d7a7632f153cf12d0db44c934c28bcfe.php 第 203 行.
INFO: Run Behavior\ParseTemplateBehavior [ RunTime:0.034914s ]
INFO: [ view_parse ] --END-- [ RunTime:-0.240244s ]
INFO: [ view_filter ] --START--
INFO: Run Behavior\WriteHtmlCacheBehavior [ RunTime:0.000325s ]
INFO: [ view_filter ] --END-- [ RunTime:-0.273605s ]
NOTIC: [2] Cannot modify header information - headers already sent by (output started at D:\Programing\Web_WorkSpace\BC\Application\User\Controller\BaseController.class.php:8) D:\Programing\Web_WorkSpace\BC\ThinkPHP\Library\Think\View.class.php 第 91 行.
NOTIC: [2] Cannot modify header information - headers already sent by (output started at D:\Programing\Web_WorkSpace\BC\Application\User\Controller\BaseController.class.php:8) D:\Programing\Web_WorkSpace\BC\ThinkPHP\Library\Think\View.class.php 第 92 行.
NOTIC: [2] Cannot modify header information - headers already sent by (output started at D:\Programing\Web_WorkSpace\BC\Application\User\Controller\BaseController.class.php:8) D:\Programing\Web_WorkSpace\BC\ThinkPHP\Library\Think\View.class.php 第 93 行.
INFO: [ app_end ] --START--
INFO: Run Behavior\ShowPageTraceBehavior [ RunTime:0.002275s ]
INFO: [ app_end ] --END-- [ RunTime:0.002852s ]

[ 2015-10-14T16:58:07+08:00 ] 127.0.0.1 /index.php/User/test/index.html
INFO: [ app_init ] --START--
INFO: Run Behavior\BuildLiteBehavior [ RunTime:0.000082s ]
INFO: [ app_init ] --END-- [ RunTime:0.001280s ]
INFO: [ app_begin ] --START--
INFO: Run Behavior\ReadHtmlCacheBehavior [ RunTime:0.001401s ]
INFO: [ app_begin ] --END-- [ RunTime:0.001810s ]
INFO: [ view_parse ] --START--
INFO: [ template_filter ] --START--
INFO: Run Behavior\ContentReplaceBehavior [ RunTime:0.000208s ]
INFO: [ template_filter ] --END-- [ RunTime:0.000620s ]
INFO: Run Behavior\ParseTemplateBehavior [ RunTime:0.018633s ]
INFO: [ view_parse ] --END-- [ RunTime:0.019045s ]
INFO: [ view_filter ] --START--
INFO: Run Behavior\WriteHtmlCacheBehavior [ RunTime:0.000721s ]
INFO: [ view_filter ] --END-- [ RunTime:0.001082s ]
SQL: SHOW COLUMNS FROM `questions` [ RunTime:0.0115s ]
SQL: SELECT * FROM `questions` WHERE ( choice_num>0 )  [ RunTime:0.0011s ]
SQL: SELECT * FROM `questions` WHERE `choice_num` = 0  [ RunTime:0.0009s ]
SQL: SHOW COLUMNS FROM `grouptoquestion` [ RunTime:0.0107s ]
SQL: SELECT COUNT(*) AS tp_Count FROM `grouptoquestion` WHERE `group_id` = 1 AND `question_id` = 1 LIMIT 1   [ RunTime:0.0009s ]
SQL: SELECT `question_ans` FROM `grouptoquestion` WHERE `group_id` = 1 AND `question_id` = 1 LIMIT 1   [ RunTime:0.0006s ]
SQL: SELECT COUNT(*) AS tp_Count FROM `grouptoquestion` WHERE `group_id` = 1 AND `question_id` = 2 LIMIT 1   [ RunTime:0.0006s ]
SQL: SELECT `question_ans` FROM `grouptoquestion` WHERE `group_id` = 1 AND `question_id` = 2 LIMIT 1   [ RunTime:0.0006s ]
SQL: SELECT COUNT(*) AS tp_Count FROM `grouptoquestion` WHERE `group_id` = 1 AND `question_id` = 3 LIMIT 1   [ RunTime:0.0006s ]
SQL: SELECT `question_ans` FROM `grouptoquestion` WHERE `group_id` = 1 AND `question_id` = 3 LIMIT 1   [ RunTime:0.0009s ]
SQL: SELECT COUNT(*) AS tp_Count FROM `grouptoquestion` WHERE `group_id` = 1 AND `question_id` = 4 LIMIT 1   [ RunTime:0.0007s ]
SQL: SELECT `question_ans` FROM `grouptoquestion` WHERE `group_id` = 1 AND `question_id` = 4 LIMIT 1   [ RunTime:0.0006s ]
INFO: [ view_parse ] --START--
INFO: [ template_filter ] --START--
INFO: Run Behavior\ContentReplaceBehavior [ RunTime:0.000375s ]
INFO: [ template_filter ] --END-- [ RunTime:-0.105597s ]
NOTIC: [8] Undefined variable: instuction D:\Programing\Web_WorkSpace\BC\Application\Runtime\Cache\User\34788730426527dcbc39f5148ca93b02.php 第 31 行.
INFO: Run Behavior\ParseTemplateBehavior [ RunTime:0.038555s ]
INFO: [ view_parse ] --END-- [ RunTime:-0.081385s ]
INFO: [ view_filter ] --START--
INFO: Run Behavior\WriteHtmlCacheBehavior [ RunTime:0.000111s ]
INFO: [ view_filter ] --END-- [ RunTime:-0.119286s ]
NOTIC: [2] Cannot modify header information - headers already sent by (output started at D:\Programing\Web_WorkSpace\BC\Application\User\Controller\BaseController.class.php:8) D:\Programing\Web_WorkSpace\BC\ThinkPHP\Library\Think\View.class.php 第 91 行.
NOTIC: [2] Cannot modify header information - headers already sent by (output started at D:\Programing\Web_WorkSpace\BC\Application\User\Controller\BaseController.class.php:8) D:\Programing\Web_WorkSpace\BC\ThinkPHP\Library\Think\View.class.php 第 92 行.
NOTIC: [2] Cannot modify header information - headers already sent by (output started at D:\Programing\Web_WorkSpace\BC\Application\User\Controller\BaseController.class.php:8) D:\Programing\Web_WorkSpace\BC\ThinkPHP\Library\Think\View.class.php 第 93 行.
INFO: [ app_end ] --START--
INFO: Run Behavior\ShowPageTraceBehavior [ RunTime:0.002006s ]
INFO: [ app_end ] --END-- [ RunTime:0.002534s ]

[ 2015-10-14T16:58:10+08:00 ] 127.0.0.1 /index.php/User/stock/index.html
INFO: [ app_init ] --START--
INFO: Run Behavior\BuildLiteBehavior [ RunTime:0.000085s ]
INFO: [ app_init ] --END-- [ RunTime:0.001495s ]
INFO: [ app_begin ] --START--
INFO: Run Behavior\ReadHtmlCacheBehavior [ RunTime:0.001370s ]
INFO: [ app_begin ] --END-- [ RunTime:0.001768s ]
INFO: [ view_parse ] --START--
INFO: [ template_filter ] --START--
INFO: Run Behavior\ContentReplaceBehavior [ RunTime:0.000290s ]
INFO: [ template_filter ] --END-- [ RunTime:0.000733s ]
INFO: Run Behavior\ParseTemplateBehavior [ RunTime:0.025446s ]
INFO: [ view_parse ] --END-- [ RunTime:0.026127s ]
INFO: [ view_filter ] --START--
INFO: Run Behavior\WriteHtmlCacheBehavior [ RunTime:0.001084s ]
INFO: [ view_filter ] --END-- [ RunTime:0.001536s ]
SQL: SHOW COLUMNS FROM `grouptoasset` [ RunTime:0.0100s ]
SQL: SELECT `amount` FROM `grouptoasset` WHERE `group_id` = 1 AND `asset_id` = 1 LIMIT 1   [ RunTime:0.0009s ]
SQL: SHOW COLUMNS FROM `stock` [ RunTime:0.0106s ]
SQL: SELECT * FROM `stock`  [ RunTime:0.0011s ]
SQL: SHOW COLUMNS FROM `stock_trend` [ RunTime:0.0103s ]
SQL: SELECT * FROM `stock_trend` WHERE ( stock_id=3 and time <=1444813090 ) ORDER BY time  [ RunTime:0.0014s ]
SQL: SHOW COLUMNS FROM `grouptostock` [ RunTime:0.0116s ]
SQL: SELECT SUM(num_change) AS tp_sum FROM `grouptostock` WHERE `group_id` = 1 AND `stock_id` = 3 LIMIT 1   [ RunTime:0.0011s ]
SQL: SELECT MAX(time) AS tp_max FROM `stock_trend` WHERE ( stock_id=3 and time <=1444813090 ) LIMIT 1   [ RunTime:0.0009s ]
SQL: SELECT * FROM `stock_trend` WHERE `stock_id` = 3 AND `time` = 1444701600 LIMIT 1   [ RunTime:0.0010s ]
SQL: SELECT MAX(time) AS tp_max FROM `stock_trend` WHERE ( stock_id=3 and time <=1444701599 ) LIMIT 1   [ RunTime:0.0008s ]
SQL: SELECT * FROM `stock_trend` WHERE `stock_id` = 3 AND `time` = 1444647600 LIMIT 1   [ RunTime:0.0006s ]
SQL: SELECT * FROM `stock_trend` WHERE ( stock_id=4 and time <=1444813090 ) ORDER BY time  [ RunTime:0.0008s ]
SQL: SELECT SUM(num_change) AS tp_sum FROM `grouptostock` WHERE `group_id` = 1 AND `stock_id` = 4 LIMIT 1   [ RunTime:0.0013s ]
SQL: SELECT MAX(time) AS tp_max FROM `stock_trend` WHERE ( stock_id=4 and time <=1444813090 ) LIMIT 1   [ RunTime:0.0008s ]
SQL: SELECT * FROM `stock_trend` WHERE `stock_id` = 4 AND `time` = 1444276800 LIMIT 1   [ RunTime:0.0009s ]
SQL: SELECT MAX(time) AS tp_max FROM `stock_trend` WHERE ( stock_id=4 and time <=1444276799 ) LIMIT 1   [ RunTime:0.0007s ]
SQL: SELECT * FROM `stock_trend` WHERE `stock_id` = 4 AND `time` = 1444269600 LIMIT 1   [ RunTime:0.0008s ]
SQL: SELECT * FROM `stock_trend` WHERE ( stock_id=5 and time <=1444813090 ) ORDER BY time  [ RunTime:0.0010s ]
SQL: SELECT SUM(num_change) AS tp_sum FROM `grouptostock` WHERE `group_id` = 1 AND `stock_id` = 5 LIMIT 1   [ RunTime:0.0008s ]
SQL: SELECT MAX(time) AS tp_max FROM `stock_trend` WHERE ( stock_id=5 and time <=1444813090 ) LIMIT 1   [ RunTime:0.0013s ]
SQL: SELECT * FROM `stock_trend` WHERE `stock_id` = 5 AND `time` = 1444564800 LIMIT 1   [ RunTime:0.0010s ]
SQL: SELECT MAX(time) AS tp_max FROM `stock_trend` WHERE ( stock_id=5 and time <=1444564799 ) LIMIT 1   [ RunTime:0.0010s ]
SQL: SELECT * FROM `stock_trend` WHERE `stock_id` = 5 AND `time` = 1444550400 LIMIT 1   [ RunTime:0.0008s ]
INFO: [ view_parse ] --START--
INFO: [ template_filter ] --START--
INFO: Run Behavior\ContentReplaceBehavior [ RunTime:0.000412s ]
INFO: [ template_filter ] --END-- [ RunTime:-0.209430s ]
NOTIC: [2] Division by zero D:\Programing\Web_WorkSpace\BC\Application\Runtime\Cache\User\66d9d8a6e704cc4ed14d335e3a95550a.php 第 35 行.
INFO: Run Behavior\ParseTemplateBehavior [ RunTime:0.039422s ]
INFO: [ view_parse ] --END-- [ RunTime:-0.183741s ]
INFO: [ view_filter ] --START--
INFO: Run Behavior\WriteHtmlCacheBehavior [ RunTime:0.000103s ]
INFO: [ view_filter ] --END-- [ RunTime:-0.222417s ]
NOTIC: [2] Cannot modify header information - headers already sent by (output started at D:\Programing\Web_WorkSpace\BC\Application\User\Controller\BaseController.class.php:8) D:\Programing\Web_WorkSpace\BC\ThinkPHP\Library\Think\View.class.php 第 91 行.
NOTIC: [2] Cannot modify header information - headers already sent by (output started at D:\Programing\Web_WorkSpace\BC\Application\User\Controller\BaseController.class.php:8) D:\Programing\Web_WorkSpace\BC\ThinkPHP\Library\Think\View.class.php 第 92 行.
NOTIC: [2] Cannot modify header information - headers already sent by (output started at D:\Programing\Web_WorkSpace\BC\Application\User\Controller\BaseController.class.php:8) D:\Programing\Web_WorkSpace\BC\ThinkPHP\Library\Think\View.class.php 第 93 行.
INFO: [ app_end ] --START--
INFO: Run Behavior\ShowPageTraceBehavior [ RunTime:0.002162s ]
INFO: [ app_end ] --END-- [ RunTime:0.002560s ]

[ 2015-10-14T16:58:33+08:00 ] 127.0.0.1 /index.php/User/test/index.html
INFO: [ app_init ] --START--
INFO: Run Behavior\BuildLiteBehavior [ RunTime:0.000080s ]
INFO: [ app_init ] --END-- [ RunTime:0.001300s ]
INFO: [ app_begin ] --START--
INFO: Run Behavior\ReadHtmlCacheBehavior [ RunTime:0.001377s ]
INFO: [ app_begin ] --END-- [ RunTime:0.001814s ]
INFO: [ view_parse ] --START--
INFO: [ template_filter ] --START--
INFO: Run Behavior\ContentReplaceBehavior [ RunTime:0.000206s ]
INFO: [ template_filter ] --END-- [ RunTime:0.000656s ]
INFO: Run Behavior\ParseTemplateBehavior [ RunTime:0.021283s ]
INFO: [ view_parse ] --END-- [ RunTime:0.021778s ]
INFO: [ view_filter ] --START--
INFO: Run Behavior\WriteHtmlCacheBehavior [ RunTime:0.000749s ]
INFO: [ view_filter ] --END-- [ RunTime:0.001314s ]
SQL: SHOW COLUMNS FROM `questions` [ RunTime:0.0116s ]
SQL: SELECT * FROM `questions` WHERE ( choice_num>0 )  [ RunTime:0.0011s ]
SQL: SELECT * FROM `questions` WHERE `choice_num` = 0  [ RunTime:0.0010s ]
SQL: SHOW COLUMNS FROM `grouptoquestion` [ RunTime:0.0097s ]
SQL: SELECT COUNT(*) AS tp_Count FROM `grouptoquestion` WHERE `group_id` = 1 AND `question_id` = 1 LIMIT 1   [ RunTime:0.0009s ]
SQL: SELECT `question_ans` FROM `grouptoquestion` WHERE `group_id` = 1 AND `question_id` = 1 LIMIT 1   [ RunTime:0.0009s ]
SQL: SELECT COUNT(*) AS tp_Count FROM `grouptoquestion` WHERE `group_id` = 1 AND `question_id` = 2 LIMIT 1   [ RunTime:0.0009s ]
SQL: SELECT `question_ans` FROM `grouptoquestion` WHERE `group_id` = 1 AND `question_id` = 2 LIMIT 1   [ RunTime:0.0008s ]
SQL: SELECT COUNT(*) AS tp_Count FROM `grouptoquestion` WHERE `group_id` = 1 AND `question_id` = 3 LIMIT 1   [ RunTime:0.0008s ]
SQL: SELECT `question_ans` FROM `grouptoquestion` WHERE `group_id` = 1 AND `question_id` = 3 LIMIT 1   [ RunTime:0.0007s ]
SQL: SELECT COUNT(*) AS tp_Count FROM `grouptoquestion` WHERE `group_id` = 1 AND `question_id` = 4 LIMIT 1   [ RunTime:0.0008s ]
SQL: SELECT `question_ans` FROM `grouptoquestion` WHERE `group_id` = 1 AND `question_id` = 4 LIMIT 1   [ RunTime:0.0008s ]
INFO: [ view_parse ] --START--
INFO: [ template_filter ] --START--
INFO: Run Behavior\ContentReplaceBehavior [ RunTime:0.000564s ]
INFO: [ template_filter ] --END-- [ RunTime:-0.115481s ]
NOTIC: [8] Undefined variable: instuction D:\Programing\Web_WorkSpace\BC\Application\Runtime\Cache\User\34788730426527dcbc39f5148ca93b02.php 第 31 行.
INFO: Run Behavior\ParseTemplateBehavior [ RunTime:0.028836s ]
INFO: [ view_parse ] --END-- [ RunTime:-0.098963s ]
INFO: [ view_filter ] --START--
INFO: Run Behavior\WriteHtmlCacheBehavior [ RunTime:0.000174s ]
INFO: [ view_filter ] --END-- [ RunTime:-0.127007s ]
NOTIC: [2] Cannot modify header information - headers already sent by (output started at D:\Programing\Web_WorkSpace\BC\Application\User\Controller\BaseController.class.php:8) D:\Programing\Web_WorkSpace\BC\ThinkPHP\Library\Think\View.class.php 第 91 行.
NOTIC: [2] Cannot modify header information - headers already sent by (output started at D:\Programing\Web_WorkSpace\BC\Application\User\Controller\BaseController.class.php:8) D:\Programing\Web_WorkSpace\BC\ThinkPHP\Library\Think\View.class.php 第 92 行.
NOTIC: [2] Cannot modify header information - headers already sent by (output started at D:\Programing\Web_WorkSpace\BC\Application\User\Controller\BaseController.class.php:8) D:\Programing\Web_WorkSpace\BC\ThinkPHP\Library\Think\View.class.php 第 93 行.
INFO: [ app_end ] --START--
INFO: Run Behavior\ShowPageTraceBehavior [ RunTime:0.003017s ]
INFO: [ app_end ] --END-- [ RunTime:0.003697s ]

[ 2015-10-14T16:58:40+08:00 ] 127.0.0.1 /index.php/User/test/submit.html
INFO: [ app_init ] --START--
INFO: Run Behavior\BuildLiteBehavior [ RunTime:0.000020s ]
INFO: [ app_init ] --END-- [ RunTime:0.000304s ]
INFO: [ app_begin ] --START--
INFO: Run Behavior\ReadHtmlCacheBehavior [ RunTime:0.000338s ]
INFO: [ app_begin ] --END-- [ RunTime:0.000437s ]
SQL: SHOW COLUMNS FROM `settings` [ RunTime:0.0027s ]
SQL: SELECT `value` FROM `settings` WHERE `key` = 'QuestionDeadline' LIMIT 1   [ RunTime:0.0002s ]
SQL: SHOW COLUMNS FROM `grouptoquestion` [ RunTime:0.0017s ]
SQL: SELECT COUNT(*) AS tp_Count FROM `grouptoquestion` WHERE `group_id` = 1 AND `question_id` = 1 LIMIT 1   [ RunTime:0.0002s ]
SQL: UPDATE `grouptoquestion` SET `question_ans`='3' WHERE `group_id` = 1 AND `question_id` = 1 [ RunTime:0.0837s ]
SQL: SELECT COUNT(*) AS tp_Count FROM `grouptoquestion` WHERE `group_id` = 1 AND `question_id` = 2 LIMIT 1   [ RunTime:0.0002s ]
SQL: UPDATE `grouptoquestion` SET `question_ans`='1' WHERE `group_id` = 1 AND `question_id` = 2 [ RunTime:0.0316s ]
SQL: SELECT COUNT(*) AS tp_Count FROM `grouptoquestion` WHERE `group_id` = 1 AND `question_id` = 3 LIMIT 1   [ RunTime:0.0002s ]
SQL: UPDATE `grouptoquestion` SET `question_ans`='这个怎么样，搭建覅时间的覅' WHERE `group_id` = 1 AND `question_id` = 3 [ RunTime:0.0328s ]
SQL: SELECT COUNT(*) AS tp_Count FROM `grouptoquestion` WHERE `group_id` = 1 AND `question_id` = 4 LIMIT 1   [ RunTime:0.0003s ]
SQL: UPDATE `grouptoquestion` SET `question_ans`='nihao' WHERE `group_id` = 1 AND `question_id` = 4 [ RunTime:0.0315s ]
INFO: [ view_parse ] --START--
INFO: [ template_filter ] --START--
INFO: Run Behavior\ContentReplaceBehavior [ RunTime:0.000062s ]
INFO: [ template_filter ] --END-- [ RunTime:0.000184s ]
INFO: Run Behavior\ParseTemplateBehavior [ RunTime:0.030625s ]
INFO: [ view_parse ] --END-- [ RunTime:0.030750s ]
INFO: [ view_filter ] --START--
INFO: Run Behavior\WriteHtmlCacheBehavior [ RunTime:0.000193s ]
INFO: [ view_filter ] --END-- [ RunTime:0.000281s ]
INFO: [ app_end ] --START--
INFO: Run Behavior\ShowPageTraceBehavior [ RunTime:0.000469s ]
INFO: [ app_end ] --END-- [ RunTime:0.000564s ]

[ 2015-10-14T16:58:42+08:00 ] 127.0.0.1 /index.php/User/test/index.html
INFO: [ app_init ] --START--
INFO: Run Behavior\BuildLiteBehavior [ RunTime:0.000019s ]
INFO: [ app_init ] --END-- [ RunTime:0.000295s ]
INFO: [ app_begin ] --START--
INFO: Run Behavior\ReadHtmlCacheBehavior [ RunTime:0.000337s ]
INFO: [ app_begin ] --END-- [ RunTime:0.000465s ]
INFO: [ view_parse ] --START--
INFO: [ template_filter ] --START--
INFO: Run Behavior\ContentReplaceBehavior [ RunTime:0.000052s ]
INFO: [ template_filter ] --END-- [ RunTime:0.000156s ]
INFO: Run Behavior\ParseTemplateBehavior [ RunTime:0.004358s ]
INFO: [ view_parse ] --END-- [ RunTime:0.004463s ]
INFO: [ view_filter ] --START--
INFO: Run Behavior\WriteHtmlCacheBehavior [ RunTime:0.000173s ]
INFO: [ view_filter ] --END-- [ RunTime:0.000260s ]
SQL: SHOW COLUMNS FROM `questions` [ RunTime:0.0032s ]
SQL: SELECT * FROM `questions` WHERE ( choice_num>0 )  [ RunTime:0.0002s ]
SQL: SELECT * FROM `questions` WHERE `choice_num` = 0  [ RunTime:0.0002s ]
SQL: SHOW COLUMNS FROM `grouptoquestion` [ RunTime:0.0022s ]
SQL: SELECT COUNT(*) AS tp_Count FROM `grouptoquestion` WHERE `group_id` = 1 AND `question_id` = 1 LIMIT 1   [ RunTime:0.0002s ]
SQL: SELECT `question_ans` FROM `grouptoquestion` WHERE `group_id` = 1 AND `question_id` = 1 LIMIT 1   [ RunTime:0.0002s ]
SQL: SELECT COUNT(*) AS tp_Count FROM `grouptoquestion` WHERE `group_id` = 1 AND `question_id` = 2 LIMIT 1   [ RunTime:0.0002s ]
SQL: SELECT `question_ans` FROM `grouptoquestion` WHERE `group_id` = 1 AND `question_id` = 2 LIMIT 1   [ RunTime:0.0002s ]
SQL: SELECT COUNT(*) AS tp_Count FROM `grouptoquestion` WHERE `group_id` = 1 AND `question_id` = 3 LIMIT 1   [ RunTime:0.0002s ]
SQL: SELECT `question_ans` FROM `grouptoquestion` WHERE `group_id` = 1 AND `question_id` = 3 LIMIT 1   [ RunTime:0.0002s ]
SQL: SELECT COUNT(*) AS tp_Count FROM `grouptoquestion` WHERE `group_id` = 1 AND `question_id` = 4 LIMIT 1   [ RunTime:0.0002s ]
SQL: SELECT `question_ans` FROM `grouptoquestion` WHERE `group_id` = 1 AND `question_id` = 4 LIMIT 1   [ RunTime:0.0002s ]
INFO: [ view_parse ] --START--
INFO: [ template_filter ] --START--
INFO: Run Behavior\ContentReplaceBehavior [ RunTime:0.000063s ]
INFO: [ template_filter ] --END-- [ RunTime:-0.022321s ]
NOTIC: [8] Undefined variable: instuction D:\Programing\Web_WorkSpace\BC\Application\Runtime\Cache\User\34788730426527dcbc39f5148ca93b02.php 第 31 行.
INFO: Run Behavior\ParseTemplateBehavior [ RunTime:0.006509s ]
INFO: [ view_parse ] --END-- [ RunTime:-0.019233s ]
INFO: [ view_filter ] --START--
INFO: Run Behavior\WriteHtmlCacheBehavior [ RunTime:0.000026s ]
INFO: [ view_filter ] --END-- [ RunTime:-0.025591s ]
NOTIC: [2] Cannot modify header information - headers already sent by (output started at D:\Programing\Web_WorkSpace\BC\Application\User\Controller\BaseController.class.php:8) D:\Programing\Web_WorkSpace\BC\ThinkPHP\Library\Think\View.class.php 第 91 行.
NOTIC: [2] Cannot modify header information - headers already sent by (output started at D:\Programing\Web_WorkSpace\BC\Application\User\Controller\BaseController.class.php:8) D:\Programing\Web_WorkSpace\BC\ThinkPHP\Library\Think\View.class.php 第 92 行.
NOTIC: [2] Cannot modify header information - headers already sent by (output started at D:\Programing\Web_WorkSpace\BC\Application\User\Controller\BaseController.class.php:8) D:\Programing\Web_WorkSpace\BC\ThinkPHP\Library\Think\View.class.php 第 93 行.
INFO: [ app_end ] --START--
INFO: Run Behavior\ShowPageTraceBehavior [ RunTime:0.000501s ]
INFO: [ app_end ] --END-- [ RunTime:0.000597s ]

[ 2015-10-14T16:58:52+08:00 ] 127.0.0.1 /index.php/User/result/index.html
INFO: [ app_init ] --START--
INFO: Run Behavior\BuildLiteBehavior [ RunTime:0.000019s ]
INFO: [ app_init ] --END-- [ RunTime:0.000345s ]
INFO: [ app_begin ] --START--
INFO: Run Behavior\ReadHtmlCacheBehavior [ RunTime:0.000324s ]
INFO: [ app_begin ] --END-- [ RunTime:0.000418s ]
ERR: 无法加载控制器:Result

[ 2015-10-14T16:58:57+08:00 ] 127.0.0.1 /index.php/User/test/index.html
INFO: [ app_init ] --START--
INFO: Run Behavior\BuildLiteBehavior [ RunTime:0.000024s ]
INFO: [ app_init ] --END-- [ RunTime:0.000336s ]
INFO: [ app_begin ] --START--
INFO: Run Behavior\ReadHtmlCacheBehavior [ RunTime:0.000342s ]
INFO: [ app_begin ] --END-- [ RunTime:0.000442s ]
INFO: [ view_parse ] --START--
INFO: [ template_filter ] --START--
INFO: Run Behavior\ContentReplaceBehavior [ RunTime:0.000053s ]
INFO: [ template_filter ] --END-- [ RunTime:0.000159s ]
INFO: Run Behavior\ParseTemplateBehavior [ RunTime:0.004383s ]
INFO: [ view_parse ] --END-- [ RunTime:0.004484s ]
INFO: [ view_filter ] --START--
INFO: Run Behavior\WriteHtmlCacheBehavior [ RunTime:0.000218s ]
INFO: [ view_filter ] --END-- [ RunTime:0.000312s ]
SQL: SHOW COLUMNS FROM `questions` [ RunTime:0.0025s ]
SQL: SELECT * FROM `questions` WHERE ( choice_num>0 )  [ RunTime:0.0002s ]
SQL: SELECT * FROM `questions` WHERE `choice_num` = 0  [ RunTime:0.0002s ]
SQL: SHOW COLUMNS FROM `grouptoquestion` [ RunTime:0.0017s ]
SQL: SELECT COUNT(*) AS tp_Count FROM `grouptoquestion` WHERE `group_id` = 1 AND `question_id` = 1 LIMIT 1   [ RunTime:0.0002s ]
SQL: SELECT `question_ans` FROM `grouptoquestion` WHERE `group_id` = 1 AND `question_id` = 1 LIMIT 1   [ RunTime:0.0002s ]
SQL: SELECT COUNT(*) AS tp_Count FROM `grouptoquestion` WHERE `group_id` = 1 AND `question_id` = 2 LIMIT 1   [ RunTime:0.0001s ]
SQL: SELECT `question_ans` FROM `grouptoquestion` WHERE `group_id` = 1 AND `question_id` = 2 LIMIT 1   [ RunTime:0.0001s ]
SQL: SELECT COUNT(*) AS tp_Count FROM `grouptoquestion` WHERE `group_id` = 1 AND `question_id` = 3 LIMIT 1   [ RunTime:0.0001s ]
SQL: SELECT `question_ans` FROM `grouptoquestion` WHERE `group_id` = 1 AND `question_id` = 3 LIMIT 1   [ RunTime:0.0001s ]
SQL: SELECT COUNT(*) AS tp_Count FROM `grouptoquestion` WHERE `group_id` = 1 AND `question_id` = 4 LIMIT 1   [ RunTime:0.0001s ]
SQL: SELECT `question_ans` FROM `grouptoquestion` WHERE `group_id` = 1 AND `question_id` = 4 LIMIT 1   [ RunTime:0.0001s ]
INFO: [ view_parse ] --START--
INFO: [ template_filter ] --START--
INFO: Run Behavior\ContentReplaceBehavior [ RunTime:0.000057s ]
INFO: [ template_filter ] --END-- [ RunTime:-0.033568s ]
NOTIC: [8] Undefined variable: instuction D:\Programing\Web_WorkSpace\BC\Application\Runtime\Cache\User\34788730426527dcbc39f5148ca93b02.php 第 31 行.
INFO: Run Behavior\ParseTemplateBehavior [ RunTime:0.005494s ]
INFO: [ view_parse ] --END-- [ RunTime:-0.030741s ]
INFO: [ view_filter ] --START--
INFO: Run Behavior\WriteHtmlCacheBehavior [ RunTime:0.000027s ]
INFO: [ view_filter ] --END-- [ RunTime:-0.036023s ]
NOTIC: [2] Cannot modify header information - headers already sent by (output started at D:\Programing\Web_WorkSpace\BC\Application\User\Controller\BaseController.class.php:8) D:\Programing\Web_WorkSpace\BC\ThinkPHP\Library\Think\View.class.php 第 91 行.
NOTIC: [2] Cannot modify header information - headers already sent by (output started at D:\Programing\Web_WorkSpace\BC\Application\User\Controller\BaseController.class.php:8) D:\Programing\Web_WorkSpace\BC\ThinkPHP\Library\Think\View.class.php 第 92 行.
NOTIC: [2] Cannot modify header information - headers already sent by (output started at D:\Programing\Web_WorkSpace\BC\Application\User\Controller\BaseController.class.php:8) D:\Programing\Web_WorkSpace\BC\ThinkPHP\Library\Think\View.class.php 第 93 行.
INFO: [ app_end ] --START--
INFO: Run Behavior\ShowPageTraceBehavior [ RunTime:0.000488s ]
INFO: [ app_end ] --END-- [ RunTime:0.000586s ]

[ 2015-10-14T16:58:59+08:00 ] 127.0.0.1 /index.php/User/index/index.html
INFO: [ app_init ] --START--
INFO: Run Behavior\BuildLiteBehavior [ RunTime:0.000020s ]
INFO: [ app_init ] --END-- [ RunTime:0.000303s ]
INFO: [ app_begin ] --START--
INFO: Run Behavior\ReadHtmlCacheBehavior [ RunTime:0.000324s ]
INFO: [ app_begin ] --END-- [ RunTime:0.000418s ]
INFO: [ view_parse ] --START--
INFO: [ template_filter ] --START--
INFO: Run Behavior\ContentReplaceBehavior [ RunTime:0.000053s ]
INFO: [ template_filter ] --END-- [ RunTime:0.000162s ]
INFO: Run Behavior\ParseTemplateBehavior [ RunTime:0.004499s ]
INFO: [ view_parse ] --END-- [ RunTime:0.004595s ]
INFO: [ view_filter ] --START--
INFO: Run Behavior\WriteHtmlCacheBehavior [ RunTime:0.000179s ]
INFO: [ view_filter ] --END-- [ RunTime:0.000265s ]
SQL: SHOW COLUMNS FROM `grouptoquestion` [ RunTime:0.0040s ]
SQL: SELECT COUNT(grouptoquestion.question_ans) AS tp_count FROM `grouptoquestion` INNER JOIN questions on questions.question_id=grouptoquestion.question_id  WHERE ( group_id=1 and questions.choice_num>0 ) LIMIT 1   [ RunTime:0.0004s ]
SQL: SHOW COLUMNS FROM `questions` [ RunTime:0.0035s ]
SQL: SELECT COUNT(question_id) AS tp_count FROM `questions` WHERE ( choice_num>0 ) LIMIT 1   [ RunTime:0.0003s ]
SQL: SELECT COUNT(question_id) AS tp_count FROM `questions` LIMIT 1   [ RunTime:0.0002s ]
SQL: SELECT COUNT(question_id) AS tp_count FROM `grouptoquestion` LIMIT 1   [ RunTime:0.0002s ]
SQL: SHOW COLUMNS FROM `settings` [ RunTime:0.0030s ]
SQL: SELECT `value` FROM `settings` WHERE `key` = 'QuestionDeadline' LIMIT 1   [ RunTime:0.0009s ]
SQL: SHOW COLUMNS FROM `news` [ RunTime:0.0027s ]
SQL: SELECT `news_content` FROM `news` WHERE `news_id` = 1 LIMIT 1   [ RunTime:0.0003s ]
SQL: SHOW COLUMNS FROM `stock` [ RunTime:0.0043s ]
SQL: SELECT * FROM `stock`  [ RunTime:0.0003s ]
SQL: SHOW COLUMNS FROM `stock_trend` [ RunTime:0.0021s ]
SQL: SELECT * FROM `stock_trend` WHERE ( stock_id=3 and time <=1444813139 ) ORDER BY time  [ RunTime:0.0003s ]
SQL: SELECT MAX(time) AS tp_max FROM `stock_trend` WHERE ( stock_id=3 and time <=1444813139 ) LIMIT 1   [ RunTime:0.0002s ]
SQL: SELECT * FROM `stock_trend` WHERE `stock_id` = 3 AND `time` = 1444701600 LIMIT 1   [ RunTime:0.0002s ]
SQL: SELECT MAX(time) AS tp_max FROM `stock_trend` WHERE ( stock_id=3 and time<1444701600 ) LIMIT 1   [ RunTime:0.0002s ]
SQL: SELECT * FROM `stock_trend` WHERE `stock_id` = 3 AND `time` = 1444647600 LIMIT 1   [ RunTime:0.0002s ]
SQL: SELECT * FROM `stock_trend` WHERE ( stock_id=4 and time <=1444813139 ) ORDER BY time  [ RunTime:0.0002s ]
SQL: SELECT MAX(time) AS tp_max FROM `stock_trend` WHERE ( stock_id=4 and time <=1444813139 ) LIMIT 1   [ RunTime:0.0002s ]
SQL: SELECT * FROM `stock_trend` WHERE `stock_id` = 4 AND `time` = 1444276800 LIMIT 1   [ RunTime:0.0002s ]
SQL: SELECT MAX(time) AS tp_max FROM `stock_trend` WHERE ( stock_id=4 and time<1444276800 ) LIMIT 1   [ RunTime:0.0002s ]
SQL: SELECT * FROM `stock_trend` WHERE `stock_id` = 4 AND `time` = 1444269600 LIMIT 1   [ RunTime:0.0002s ]
SQL: SELECT * FROM `stock_trend` WHERE ( stock_id=5 and time <=1444813139 ) ORDER BY time  [ RunTime:0.0002s ]
SQL: SELECT MAX(time) AS tp_max FROM `stock_trend` WHERE ( stock_id=5 and time <=1444813139 ) LIMIT 1   [ RunTime:0.0002s ]
SQL: SELECT * FROM `stock_trend` WHERE `stock_id` = 5 AND `time` = 1444564800 LIMIT 1   [ RunTime:0.0002s ]
SQL: SELECT MAX(time) AS tp_max FROM `stock_trend` WHERE ( stock_id=5 and time<1444564800 ) LIMIT 1   [ RunTime:0.0002s ]
SQL: SELECT * FROM `stock_trend` WHERE `stock_id` = 5 AND `time` = 1444550400 LIMIT 1   [ RunTime:0.0004s ]
SQL: SHOW COLUMNS FROM `grouptoasset` [ RunTime:0.0040s ]
SQL: SELECT `amount` FROM `grouptoasset` WHERE `group_id` = 1 AND `asset_id` = 1 LIMIT 1   [ RunTime:0.0002s ]
SQL: SHOW COLUMNS FROM `grouptostock` [ RunTime:0.0032s ]
SQL: SELECT `stock_id`,sum(num_change) FROM `grouptostock` WHERE `group_id` = 1 GROUP BY stock_id  [ RunTime:0.0003s ]
SQL: SELECT MAX(time) AS tp_max FROM `stock_trend` WHERE ( stock_id=3 and time <=1444813139 ) LIMIT 1   [ RunTime:0.0002s ]
SQL: SELECT * FROM `stock_trend` WHERE `stock_id` = 3 AND `time` = 1444701600 LIMIT 1   [ RunTime:0.0002s ]
SQL: SELECT MAX(time) AS tp_max FROM `stock_trend` WHERE ( stock_id=4 and time <=1444813139 ) LIMIT 1   [ RunTime:0.0002s ]
SQL: SELECT * FROM `stock_trend` WHERE `stock_id` = 4 AND `time` = 1444276800 LIMIT 1   [ RunTime:0.0002s ]
SQL: SELECT MAX(time) AS tp_max FROM `stock_trend` WHERE ( stock_id=5 and time <=1444813139 ) LIMIT 1   [ RunTime:0.0002s ]
SQL: SELECT * FROM `stock_trend` WHERE `stock_id` = 5 AND `time` = 1444564800 LIMIT 1   [ RunTime:0.0002s ]
SQL: SELECT `value` FROM `settings` WHERE `key` = 'InitCapital' LIMIT 1   [ RunTime:0.0002s ]
INFO: [ view_parse ] --START--
INFO: [ template_filter ] --START--
INFO: Run Behavior\ContentReplaceBehavior [ RunTime:0.000073s ]
INFO: [ template_filter ] --END-- [ RunTime:-0.064937s ]
NOTIC: [2] Division by zero D:\Programing\Web_WorkSpace\BC\Application\Runtime\Cache\User\d7a7632f153cf12d0db44c934c28bcfe.php 第 109 行.
NOTIC: [8] Undefined variable: timeleft D:\Programing\Web_WorkSpace\BC\Application\Runtime\Cache\User\d7a7632f153cf12d0db44c934c28bcfe.php 第 198 行.
NOTIC: [8] Undefined variable: timetotal D:\Programing\Web_WorkSpace\BC\Application\Runtime\Cache\User\d7a7632f153cf12d0db44c934c28bcfe.php 第 203 行.
INFO: Run Behavior\ParseTemplateBehavior [ RunTime:0.008139s ]
INFO: [ view_parse ] --END-- [ RunTime:-0.060979s ]
INFO: [ view_filter ] --START--
INFO: Run Behavior\WriteHtmlCacheBehavior [ RunTime:0.000026s ]
INFO: [ view_filter ] --END-- [ RunTime:-0.068949s ]
NOTIC: [2] Cannot modify header information - headers already sent by (output started at D:\Programing\Web_WorkSpace\BC\Application\User\Controller\BaseController.class.php:8) D:\Programing\Web_WorkSpace\BC\ThinkPHP\Library\Think\View.class.php 第 91 行.
NOTIC: [2] Cannot modify header information - headers already sent by (output started at D:\Programing\Web_WorkSpace\BC\Application\User\Controller\BaseController.class.php:8) D:\Programing\Web_WorkSpace\BC\ThinkPHP\Library\Think\View.class.php 第 92 行.
NOTIC: [2] Cannot modify header information - headers already sent by (output started at D:\Programing\Web_WorkSpace\BC\Application\User\Controller\BaseController.class.php:8) D:\Programing\Web_WorkSpace\BC\ThinkPHP\Library\Think\View.class.php 第 93 行.
INFO: [ app_end ] --START--
INFO: Run Behavior\ShowPageTraceBehavior [ RunTime:0.000479s ]
INFO: [ app_end ] --END-- [ RunTime:0.000574s ]

[ 2015-10-14T16:59:08+08:00 ] 127.0.0.1 /index.php/User/result/index.html
INFO: [ app_init ] --START--
INFO: Run Behavior\BuildLiteBehavior [ RunTime:0.000139s ]
INFO: [ app_init ] --END-- [ RunTime:0.002235s ]
INFO: [ app_begin ] --START--
INFO: Run Behavior\ReadHtmlCacheBehavior [ RunTime:0.002950s ]
INFO: [ app_begin ] --END-- [ RunTime:0.003656s ]
ERR: 无法加载控制器:Result

[ 2015-10-14T17:34:55+08:00 ] 127.0.0.1 /index.php/User/index/index.html
INFO: [ app_init ] --START--
INFO: Run Behavior\BuildLiteBehavior [ RunTime:0.000131s ]
INFO: [ app_init ] --END-- [ RunTime:0.004667s ]
INFO: [ app_begin ] --START--
INFO: Run Behavior\ReadHtmlCacheBehavior [ RunTime:0.003571s ]
INFO: [ app_begin ] --END-- [ RunTime:0.004003s ]
INFO: [ view_parse ] --START--
INFO: [ template_filter ] --START--
INFO: Run Behavior\ContentReplaceBehavior [ RunTime:0.000223s ]
INFO: [ template_filter ] --END-- [ RunTime:0.000650s ]
INFO: Run Behavior\ParseTemplateBehavior [ RunTime:0.072823s ]
INFO: [ view_parse ] --END-- [ RunTime:0.073310s ]
INFO: [ view_filter ] --START--
INFO: Run Behavior\WriteHtmlCacheBehavior [ RunTime:0.015505s ]
INFO: [ view_filter ] --END-- [ RunTime:0.015973s ]
SQL: SHOW COLUMNS FROM `grouptoquestion` [ RunTime:0.0089s ]
SQL: SELECT COUNT(grouptoquestion.question_ans) AS tp_count FROM `grouptoquestion` INNER JOIN questions on questions.question_id=grouptoquestion.question_id  WHERE ( group_id=1 and questions.choice_num>0 ) LIMIT 1   [ RunTime:0.0017s ]
SQL: SHOW COLUMNS FROM `questions` [ RunTime:0.0128s ]
SQL: SELECT COUNT(question_id) AS tp_count FROM `questions` WHERE ( choice_num>0 ) LIMIT 1   [ RunTime:0.0008s ]
SQL: SELECT COUNT(question_id) AS tp_count FROM `questions` LIMIT 1   [ RunTime:0.0005s ]
SQL: SELECT COUNT(question_id) AS tp_count FROM `grouptoquestion` LIMIT 1   [ RunTime:0.0006s ]
SQL: SHOW COLUMNS FROM `settings` [ RunTime:0.0093s ]
SQL: SELECT `value` FROM `settings` WHERE `key` = 'QuestionDeadline' LIMIT 1   [ RunTime:0.0007s ]
SQL: SHOW COLUMNS FROM `news` [ RunTime:0.0092s ]
SQL: SELECT `news_content` FROM `news` WHERE `news_id` = 1 LIMIT 1   [ RunTime:0.0007s ]
SQL: SHOW COLUMNS FROM `stock` [ RunTime:0.0092s ]
SQL: SELECT * FROM `stock`  [ RunTime:0.0008s ]
SQL: SHOW COLUMNS FROM `stock_trend` [ RunTime:0.0088s ]
SQL: SELECT * FROM `stock_trend` WHERE ( stock_id=3 and time <=1444815295 ) ORDER BY time  [ RunTime:0.0009s ]
SQL: SELECT MAX(time) AS tp_max FROM `stock_trend` WHERE ( stock_id=3 and time <=1444815295 ) LIMIT 1   [ RunTime:0.0008s ]
SQL: SELECT * FROM `stock_trend` WHERE `stock_id` = 3 AND `time` = 1444701600 LIMIT 1   [ RunTime:0.0009s ]
SQL: SELECT MAX(time) AS tp_max FROM `stock_trend` WHERE ( stock_id=3 and time<1444701600 ) LIMIT 1   [ RunTime:0.0007s ]
SQL: SELECT * FROM `stock_trend` WHERE `stock_id` = 3 AND `time` = 1444647600 LIMIT 1   [ RunTime:0.0007s ]
SQL: SELECT * FROM `stock_trend` WHERE ( stock_id=4 and time <=1444815295 ) ORDER BY time  [ RunTime:0.0009s ]
SQL: SELECT MAX(time) AS tp_max FROM `stock_trend` WHERE ( stock_id=4 and time <=1444815295 ) LIMIT 1   [ RunTime:0.0007s ]
SQL: SELECT * FROM `stock_trend` WHERE `stock_id` = 4 AND `time` = 1444276800 LIMIT 1   [ RunTime:0.0007s ]
SQL: SELECT MAX(time) AS tp_max FROM `stock_trend` WHERE ( stock_id=4 and time<1444276800 ) LIMIT 1   [ RunTime:0.0009s ]
SQL: SELECT * FROM `stock_trend` WHERE `stock_id` = 4 AND `time` = 1444269600 LIMIT 1   [ RunTime:0.0009s ]
SQL: SELECT * FROM `stock_trend` WHERE ( stock_id=5 and time <=1444815295 ) ORDER BY time  [ RunTime:0.0012s ]
SQL: SELECT MAX(time) AS tp_max FROM `stock_trend` WHERE ( stock_id=5 and time <=1444815295 ) LIMIT 1   [ RunTime:0.0010s ]
SQL: SELECT * FROM `stock_trend` WHERE `stock_id` = 5 AND `time` = 1444564800 LIMIT 1   [ RunTime:0.0010s ]
SQL: SELECT MAX(time) AS tp_max FROM `stock_trend` WHERE ( stock_id=5 and time<1444564800 ) LIMIT 1   [ RunTime:0.0009s ]
SQL: SELECT * FROM `stock_trend` WHERE `stock_id` = 5 AND `time` = 1444550400 LIMIT 1   [ RunTime:0.0007s ]
SQL: SHOW COLUMNS FROM `grouptoasset` [ RunTime:0.0090s ]
SQL: SELECT `amount` FROM `grouptoasset` WHERE `group_id` = 1 AND `asset_id` = 1 LIMIT 1   [ RunTime:0.0007s ]
SQL: SHOW COLUMNS FROM `grouptostock` [ RunTime:0.0098s ]
SQL: SELECT `stock_id`,sum(num_change) FROM `grouptostock` WHERE `group_id` = 1 GROUP BY stock_id  [ RunTime:0.0012s ]
SQL: SELECT MAX(time) AS tp_max FROM `stock_trend` WHERE ( stock_id=3 and time <=1444815295 ) LIMIT 1   [ RunTime:0.0008s ]
SQL: SELECT * FROM `stock_trend` WHERE `stock_id` = 3 AND `time` = 1444701600 LIMIT 1   [ RunTime:0.0010s ]
SQL: SELECT MAX(time) AS tp_max FROM `stock_trend` WHERE ( stock_id=4 and time <=1444815295 ) LIMIT 1   [ RunTime:0.0007s ]
SQL: SELECT * FROM `stock_trend` WHERE `stock_id` = 4 AND `time` = 1444276800 LIMIT 1   [ RunTime:0.0006s ]
SQL: SELECT MAX(time) AS tp_max FROM `stock_trend` WHERE ( stock_id=5 and time <=1444815295 ) LIMIT 1   [ RunTime:0.0006s ]
SQL: SELECT * FROM `stock_trend` WHERE `stock_id` = 5 AND `time` = 1444564800 LIMIT 1   [ RunTime:0.0006s ]
SQL: SELECT `value` FROM `settings` WHERE `key` = 'InitCapital' LIMIT 1   [ RunTime:0.0006s ]
INFO: [ view_parse ] --START--
INFO: [ template_filter ] --START--
INFO: Run Behavior\ContentReplaceBehavior [ RunTime:0.000275s ]
INFO: [ template_filter ] --END-- [ RunTime:-0.338017s ]
NOTIC: [2] Division by zero D:\Programing\Web_WorkSpace\BC\Application\Runtime\Cache\User\d7a7632f153cf12d0db44c934c28bcfe.php 第 109 行.
NOTIC: [8] Undefined variable: timeleft D:\Programing\Web_WorkSpace\BC\Application\Runtime\Cache\User\d7a7632f153cf12d0db44c934c28bcfe.php 第 198 行.
NOTIC: [8] Undefined variable: timetotal D:\Programing\Web_WorkSpace\BC\Application\Runtime\Cache\User\d7a7632f153cf12d0db44c934c28bcfe.php 第 203 行.
INFO: Run Behavior\ParseTemplateBehavior [ RunTime:0.037407s ]
INFO: [ view_parse ] --END-- [ RunTime:-0.311328s ]
INFO: [ view_filter ] --START--
INFO: Run Behavior\WriteHtmlCacheBehavior [ RunTime:0.000097s ]
INFO: [ view_filter ] --END-- [ RunTime:-0.333127s ]
NOTIC: [2] Cannot modify header information - headers already sent by (output started at D:\Programing\Web_WorkSpace\BC\Application\User\Controller\BaseController.class.php:8) D:\Programing\Web_WorkSpace\BC\ThinkPHP\Library\Think\View.class.php 第 91 行.
NOTIC: [2] Cannot modify header information - headers already sent by (output started at D:\Programing\Web_WorkSpace\BC\Application\User\Controller\BaseController.class.php:8) D:\Programing\Web_WorkSpace\BC\ThinkPHP\Library\Think\View.class.php 第 92 行.
NOTIC: [2] Cannot modify header information - headers already sent by (output started at D:\Programing\Web_WorkSpace\BC\Application\User\Controller\BaseController.class.php:8) D:\Programing\Web_WorkSpace\BC\ThinkPHP\Library\Think\View.class.php 第 93 行.
INFO: [ app_end ] --START--
INFO: Run Behavior\ShowPageTraceBehavior [ RunTime:0.016805s ]
INFO: [ app_end ] --END-- [ RunTime:0.017224s ]

[ 2015-10-14T17:34:57+08:00 ] 127.0.0.1 /index.php/User/index/index.html
INFO: [ app_init ] --START--
INFO: Run Behavior\BuildLiteBehavior [ RunTime:0.000138s ]
INFO: [ app_init ] --END-- [ RunTime:0.002145s ]
INFO: [ app_begin ] --START--
INFO: Run Behavior\ReadHtmlCacheBehavior [ RunTime:0.002685s ]
INFO: [ app_begin ] --END-- [ RunTime:0.003234s ]
INFO: [ view_parse ] --START--
INFO: [ template_filter ] --START--
INFO: Run Behavior\ContentReplaceBehavior [ RunTime:0.000213s ]
INFO: [ template_filter ] --END-- [ RunTime:0.000628s ]
INFO: Run Behavior\ParseTemplateBehavior [ RunTime:0.028655s ]
INFO: [ view_parse ] --END-- [ RunTime:0.029357s ]
INFO: [ view_filter ] --START--
INFO: Run Behavior\WriteHtmlCacheBehavior [ RunTime:0.002310s ]
INFO: [ view_filter ] --END-- [ RunTime:0.002952s ]
SQL: SHOW COLUMNS FROM `grouptoquestion` [ RunTime:0.0106s ]
SQL: SELECT COUNT(grouptoquestion.question_ans) AS tp_count FROM `grouptoquestion` INNER JOIN questions on questions.question_id=grouptoquestion.question_id  WHERE ( group_id=1 and questions.choice_num>0 ) LIMIT 1   [ RunTime:0.0011s ]
SQL: SHOW COLUMNS FROM `questions` [ RunTime:0.0133s ]
SQL: SELECT COUNT(question_id) AS tp_count FROM `questions` WHERE ( choice_num>0 ) LIMIT 1   [ RunTime:0.0010s ]
SQL: SELECT COUNT(question_id) AS tp_count FROM `questions` LIMIT 1   [ RunTime:0.0007s ]
SQL: SELECT COUNT(question_id) AS tp_count FROM `grouptoquestion` LIMIT 1   [ RunTime:0.0006s ]
SQL: SHOW COLUMNS FROM `settings` [ RunTime:0.0112s ]
SQL: SELECT `value` FROM `settings` WHERE `key` = 'QuestionDeadline' LIMIT 1   [ RunTime:0.0008s ]
SQL: SHOW COLUMNS FROM `news` [ RunTime:0.0119s ]
SQL: SELECT `news_content` FROM `news` WHERE `news_id` = 1 LIMIT 1   [ RunTime:0.0008s ]
SQL: SHOW COLUMNS FROM `stock` [ RunTime:0.0118s ]
SQL: SELECT * FROM `stock`  [ RunTime:0.0008s ]
SQL: SHOW COLUMNS FROM `stock_trend` [ RunTime:0.0123s ]
SQL: SELECT * FROM `stock_trend` WHERE ( stock_id=3 and time <=1444815296 ) ORDER BY time  [ RunTime:0.0011s ]
SQL: SELECT MAX(time) AS tp_max FROM `stock_trend` WHERE ( stock_id=3 and time <=1444815296 ) LIMIT 1   [ RunTime:0.0007s ]
SQL: SELECT * FROM `stock_trend` WHERE `stock_id` = 3 AND `time` = 1444701600 LIMIT 1   [ RunTime:0.0009s ]
SQL: SELECT MAX(time) AS tp_max FROM `stock_trend` WHERE ( stock_id=3 and time<1444701600 ) LIMIT 1   [ RunTime:0.0010s ]
SQL: SELECT * FROM `stock_trend` WHERE `stock_id` = 3 AND `time` = 1444647600 LIMIT 1   [ RunTime:0.0006s ]
SQL: SELECT * FROM `stock_trend` WHERE ( stock_id=4 and time <=1444815297 ) ORDER BY time  [ RunTime:0.0006s ]
SQL: SELECT MAX(time) AS tp_max FROM `stock_trend` WHERE ( stock_id=4 and time <=1444815297 ) LIMIT 1   [ RunTime:0.0006s ]
SQL: SELECT * FROM `stock_trend` WHERE `stock_id` = 4 AND `time` = 1444276800 LIMIT 1   [ RunTime:0.0005s ]
SQL: SELECT MAX(time) AS tp_max FROM `stock_trend` WHERE ( stock_id=4 and time<1444276800 ) LIMIT 1   [ RunTime:0.0005s ]
SQL: SELECT * FROM `stock_trend` WHERE `stock_id` = 4 AND `time` = 1444269600 LIMIT 1   [ RunTime:0.0008s ]
SQL: SELECT * FROM `stock_trend` WHERE ( stock_id=5 and time <=1444815297 ) ORDER BY time  [ RunTime:0.0009s ]
SQL: SELECT MAX(time) AS tp_max FROM `stock_trend` WHERE ( stock_id=5 and time <=1444815297 ) LIMIT 1   [ RunTime:0.0009s ]
SQL: SELECT * FROM `stock_trend` WHERE `stock_id` = 5 AND `time` = 1444564800 LIMIT 1   [ RunTime:0.0011s ]
SQL: SELECT MAX(time) AS tp_max FROM `stock_trend` WHERE ( stock_id=5 and time<1444564800 ) LIMIT 1   [ RunTime:0.0007s ]
SQL: SELECT * FROM `stock_trend` WHERE `stock_id` = 5 AND `time` = 1444550400 LIMIT 1   [ RunTime:0.0006s ]
SQL: SHOW COLUMNS FROM `grouptoasset` [ RunTime:0.0100s ]
SQL: SELECT `amount` FROM `grouptoasset` WHERE `group_id` = 1 AND `asset_id` = 1 LIMIT 1   [ RunTime:0.0008s ]
SQL: SHOW COLUMNS FROM `grouptostock` [ RunTime:0.0080s ]
SQL: SELECT `stock_id`,sum(num_change) FROM `grouptostock` WHERE `group_id` = 1 GROUP BY stock_id  [ RunTime:0.0011s ]
SQL: SELECT MAX(time) AS tp_max FROM `stock_trend` WHERE ( stock_id=3 and time <=1444815297 ) LIMIT 1   [ RunTime:0.0007s ]
SQL: SELECT * FROM `stock_trend` WHERE `stock_id` = 3 AND `time` = 1444701600 LIMIT 1   [ RunTime:0.0007s ]
SQL: SELECT MAX(time) AS tp_max FROM `stock_trend` WHERE ( stock_id=4 and time <=1444815297 ) LIMIT 1   [ RunTime:0.0006s ]
SQL: SELECT * FROM `stock_trend` WHERE `stock_id` = 4 AND `time` = 1444276800 LIMIT 1   [ RunTime:0.0007s ]
SQL: SELECT MAX(time) AS tp_max FROM `stock_trend` WHERE ( stock_id=5 and time <=1444815297 ) LIMIT 1   [ RunTime:0.0008s ]
SQL: SELECT * FROM `stock_trend` WHERE `stock_id` = 5 AND `time` = 1444564800 LIMIT 1   [ RunTime:0.0012s ]
SQL: SELECT `value` FROM `settings` WHERE `key` = 'InitCapital' LIMIT 1   [ RunTime:0.0007s ]
INFO: [ view_parse ] --START--
INFO: [ template_filter ] --START--
INFO: Run Behavior\ContentReplaceBehavior [ RunTime:0.000294s ]
INFO: [ template_filter ] --END-- [ RunTime:-0.302534s ]
NOTIC: [2] Division by zero D:\Programing\Web_WorkSpace\BC\Application\Runtime\Cache\User\d7a7632f153cf12d0db44c934c28bcfe.php 第 109 行.
NOTIC: [8] Undefined variable: timeleft D:\Programing\Web_WorkSpace\BC\Application\Runtime\Cache\User\d7a7632f153cf12d0db44c934c28bcfe.php 第 198 行.
NOTIC: [8] Undefined variable: timetotal D:\Programing\Web_WorkSpace\BC\Application\Runtime\Cache\User\d7a7632f153cf12d0db44c934c28bcfe.php 第 203 行.
INFO: Run Behavior\ParseTemplateBehavior [ RunTime:0.035675s ]
INFO: [ view_parse ] --END-- [ RunTime:-0.283320s ]
INFO: [ view_filter ] --START--
INFO: Run Behavior\WriteHtmlCacheBehavior [ RunTime:0.000182s ]
INFO: [ view_filter ] --END-- [ RunTime:-0.316670s ]
NOTIC: [2] Cannot modify header information - headers already sent by (output started at D:\Programing\Web_WorkSpace\BC\Application\User\Controller\BaseController.class.php:8) D:\Programing\Web_WorkSpace\BC\ThinkPHP\Library\Think\View.class.php 第 91 行.
NOTIC: [2] Cannot modify header information - headers already sent by (output started at D:\Programing\Web_WorkSpace\BC\Application\User\Controller\BaseController.class.php:8) D:\Programing\Web_WorkSpace\BC\ThinkPHP\Library\Think\View.class.php 第 92 行.
NOTIC: [2] Cannot modify header information - headers already sent by (output started at D:\Programing\Web_WorkSpace\BC\Application\User\Controller\BaseController.class.php:8) D:\Programing\Web_WorkSpace\BC\ThinkPHP\Library\Think\View.class.php 第 93 行.
INFO: [ app_end ] --START--
INFO: Run Behavior\ShowPageTraceBehavior [ RunTime:0.003731s ]
INFO: [ app_end ] --END-- [ RunTime:0.004859s ]

