[ 2015-10-10T11:34:07+08:00 ] 127.0.0.1 /
INFO: [ app_init ] --START--
INFO: Run Behavior\BuildLiteBehavior [ RunTime:0.000034s ]
INFO: [ app_init ] --END-- [ RunTime:0.022072s ]
INFO: [ app_begin ] --START--
INFO: Run Behavior\ReadHtmlCacheBehavior [ RunTime:0.026538s ]
INFO: [ app_begin ] --END-- [ RunTime:0.026672s ]

[ 2015-10-10T11:34:08+08:00 ] 127.0.0.1 /index.php/Home/Login/index.html
INFO: [ app_init ] --START--
INFO: Run Behavior\BuildLiteBehavior [ RunTime:0.000023s ]
INFO: [ app_init ] --END-- [ RunTime:0.000408s ]
INFO: [ app_begin ] --START--
INFO: Run Behavior\ReadHtmlCacheBehavior [ RunTime:0.000614s ]
INFO: [ app_begin ] --END-- [ RunTime:0.000716s ]
INFO: [ view_parse ] --START--
INFO: [ template_filter ] --START--
INFO: Run Behavior\ContentReplaceBehavior [ RunTime:0.000064s ]
INFO: [ template_filter ] --END-- [ RunTime:0.000187s ]
INFO: Run Behavior\ParseTemplateBehavior [ RunTime:0.150754s ]
INFO: [ view_parse ] --END-- [ RunTime:0.150914s ]
INFO: [ view_filter ] --START--
INFO: Run Behavior\WriteHtmlCacheBehavior [ RunTime:0.021321s ]
INFO: [ view_filter ] --END-- [ RunTime:0.021438s ]
SQL: SHOW COLUMNS FROM `users` [ RunTime:0.4223s ]
SQL: SELECT * FROM `users` WHERE `user_mobile` = '18617001669' AND `user_password` = 'test' LIMIT 1   [ RunTime:0.0828s ]
SQL: SHOW COLUMNS FROM `groupstousers` [ RunTime:0.0032s ]
SQL: SELECT * FROM `groupstousers` INNER JOIN groups ON groups.group_id = groupstousers.group_id  WHERE `user_id` = '1' LIMIT 1   [ RunTime:0.0499s ]

