[ 2015-10-09T13:04:11+08:00 ] 127.0.0.1 /
INFO: [ app_init ] --START--
INFO: Run Behavior\BuildLiteBehavior [ RunTime:0.000023s ]
INFO: [ app_init ] --END-- [ RunTime:0.000339s ]
INFO: [ app_begin ] --START--
INFO: Run Behavior\ReadHtmlCacheBehavior [ RunTime:0.011898s ]
INFO: [ app_begin ] --END-- [ RunTime:0.012020s ]

[ 2015-10-09T13:04:12+08:00 ] 127.0.0.1 /index.php/Home/Login/index.html
INFO: [ app_init ] --START--
INFO: Run Behavior\BuildLiteBehavior [ RunTime:0.000023s ]
INFO: [ app_init ] --END-- [ RunTime:0.000340s ]
INFO: [ app_begin ] --START--
INFO: Run Behavior\ReadHtmlCacheBehavior [ RunTime:0.000361s ]
INFO: [ app_begin ] --END-- [ RunTime:0.000463s ]
INFO: [ view_parse ] --START--
INFO: [ template_filter ] --START--
INFO: Run Behavior\ContentReplaceBehavior [ RunTime:0.000062s ]
INFO: [ template_filter ] --END-- [ RunTime:0.000190s ]
INFO: Run Behavior\ParseTemplateBehavior [ RunTime:0.101928s ]
INFO: [ view_parse ] --END-- [ RunTime:0.102086s ]
INFO: [ view_filter ] --START--
INFO: Run Behavior\WriteHtmlCacheBehavior [ RunTime:0.017729s ]
INFO: [ view_filter ] --END-- [ RunTime:0.017850s ]
SQL: SHOW COLUMNS FROM `users` [ RunTime:0.3168s ]
SQL: SELECT * FROM `users` WHERE `user_mobile` = '18617001669' AND `user_password` = 'test' LIMIT 1   [ RunTime:0.0863s ]
SQL: SHOW COLUMNS FROM `groupstousers` [ RunTime:0.0025s ]
SQL: SELECT * FROM `groupstousers` INNER JOIN groups ON groups.group_id = groupstousers.group_id  WHERE `user_id` = '1' LIMIT 1   [ RunTime:0.0492s ]

