[ 2015-10-05T10:41:06+08:00 ] 127.0.0.1 /
INFO: [ app_init ] --START--
INFO: Run Behavior\BuildLiteBehavior [ RunTime:0.000021s ]
INFO: [ app_init ] --END-- [ RunTime:0.000353s ]
INFO: [ app_begin ] --START--
INFO: Run Behavior\ReadHtmlCacheBehavior [ RunTime:0.000361s ]
INFO: [ app_begin ] --END-- [ RunTime:0.000456s ]

[ 2015-10-05T10:41:06+08:00 ] 127.0.0.1 /index.php/Home/Login/index.html
INFO: [ app_init ] --START--
INFO: Run Behavior\BuildLiteBehavior [ RunTime:0.000022s ]
INFO: [ app_init ] --END-- [ RunTime:0.000369s ]
INFO: [ app_begin ] --START--
INFO: Run Behavior\ReadHtmlCacheBehavior [ RunTime:0.000377s ]
INFO: [ app_begin ] --END-- [ RunTime:0.000478s ]
INFO: [ view_parse ] --START--
INFO: [ template_filter ] --START--
INFO: Run Behavior\ContentReplaceBehavior [ RunTime:0.000060s ]
INFO: [ template_filter ] --END-- [ RunTime:0.000166s ]
INFO: Run Behavior\ParseTemplateBehavior [ RunTime:0.005375s ]
INFO: [ view_parse ] --END-- [ RunTime:0.005492s ]
INFO: [ view_filter ] --START--
INFO: Run Behavior\WriteHtmlCacheBehavior [ RunTime:0.000272s ]
INFO: [ view_filter ] --END-- [ RunTime:0.000365s ]
SQL: SHOW COLUMNS FROM `users` [ RunTime:0.0028s ]
SQL: SELECT * FROM `users` WHERE `user_mobile` = '18617001669' AND `user_password` = 'test' LIMIT 1   [ RunTime:0.0004s ]
SQL: SHOW COLUMNS FROM `groupstousers` [ RunTime:0.0033s ]
SQL: SELECT * FROM `groupstousers` INNER JOIN groups ON groups.group_id = groupstousers.group_id  WHERE `user_id` = '1' LIMIT 1   [ RunTime:0.0470s ]

[ 2015-10-05T19:39:33+08:00 ] 127.0.0.1 /
INFO: [ app_init ] --START--
INFO: Run Behavior\BuildLiteBehavior [ RunTime:0.000036s ]
INFO: [ app_init ] --END-- [ RunTime:0.000441s ]
INFO: [ app_begin ] --START--
INFO: Run Behavior\ReadHtmlCacheBehavior [ RunTime:0.145728s ]
INFO: [ app_begin ] --END-- [ RunTime:0.145842s ]

[ 2015-10-05T19:39:33+08:00 ] 127.0.0.1 /index.php/Home/Login/index.html
INFO: [ app_init ] --START--
INFO: Run Behavior\BuildLiteBehavior [ RunTime:0.000023s ]
INFO: [ app_init ] --END-- [ RunTime:0.000316s ]
INFO: [ app_begin ] --START--
INFO: Run Behavior\ReadHtmlCacheBehavior [ RunTime:0.000407s ]
INFO: [ app_begin ] --END-- [ RunTime:0.000515s ]
INFO: [ view_parse ] --START--
INFO: [ template_filter ] --START--
INFO: Run Behavior\ContentReplaceBehavior [ RunTime:0.000071s ]
INFO: [ template_filter ] --END-- [ RunTime:0.000257s ]
INFO: Run Behavior\ParseTemplateBehavior [ RunTime:0.052025s ]
INFO: [ view_parse ] --END-- [ RunTime:0.052150s ]
INFO: [ view_filter ] --START--
INFO: Run Behavior\WriteHtmlCacheBehavior [ RunTime:0.012436s ]
INFO: [ view_filter ] --END-- [ RunTime:0.012555s ]
SQL: SHOW COLUMNS FROM `users` [ RunTime:0.0036s ]
SQL: SELECT * FROM `users` WHERE `user_mobile` = '18617001669' AND `user_password` = 'test' LIMIT 1   [ RunTime:0.0004s ]
SQL: SHOW COLUMNS FROM `groupstousers` [ RunTime:0.0021s ]
SQL: SELECT * FROM `groupstousers` INNER JOIN groups ON groups.group_id = groupstousers.group_id  WHERE `user_id` = '1' LIMIT 1   [ RunTime:0.0004s ]

